2016-10-09 02:58:41,403 - SimpleLog4JLogSystem initialized using logfile 'velocity.log'
2016-10-09 02:58:41,404 - ************************************************************** 
2016-10-09 02:58:41,404 - Starting Jakarta Velocity v1.4
2016-10-09 02:58:41,404 - RuntimeInstance initializing.
2016-10-09 02:58:41,404 - Default Properties File: org\apache\velocity\runtime\defaults\velocity.properties
2016-10-09 02:58:41,404 - Trying to use logger class org.apache.velocity.runtime.log.SimpleLog4JLogSystem
2016-10-09 02:58:41,404 - Using logger class org.apache.velocity.runtime.log.SimpleLog4JLogSystem
2016-10-09 02:58:41,406 - Default ResourceManager initializing. (class org.apache.velocity.runtime.resource.ResourceManagerImpl)
2016-10-09 02:58:41,409 - Resource Loader Instantiated: org.apache.velocity.runtime.resource.loader.ClasspathResourceLoader
2016-10-09 02:58:41,410 - ClasspathResourceLoader : initialization starting.
2016-10-09 02:58:41,410 - ClasspathResourceLoader : initialization complete.
2016-10-09 02:58:41,411 - ResourceCache : initialized. (class org.apache.velocity.runtime.resource.ResourceCacheImpl)
2016-10-09 02:58:41,411 - Default ResourceManager initialization complete.
2016-10-09 02:58:41,413 - Loaded System Directive: org.apache.velocity.runtime.directive.Literal
2016-10-09 02:58:41,414 - Loaded System Directive: org.apache.velocity.runtime.directive.Macro
2016-10-09 02:58:41,416 - Loaded System Directive: org.apache.velocity.runtime.directive.Parse
2016-10-09 02:58:41,418 - Loaded System Directive: org.apache.velocity.runtime.directive.Include
2016-10-09 02:58:41,418 - Loaded System Directive: org.apache.velocity.runtime.directive.Foreach
2016-10-09 02:58:41,441 - Created: 20 parsers.
2016-10-09 02:58:41,452 - Velocimacro : initialization starting.
2016-10-09 02:58:41,453 - Velocimacro : adding VMs from VM library template : VM_global_library.vm
2016-10-09 02:58:41,461 - ResourceManager : unable to find resource 'VM_global_library.vm' in any resource loader.
2016-10-09 02:58:41,461 - Velocimacro : error using  VM library template VM_global_library.vm : org.apache.velocity.exception.ResourceNotFoundException: Unable to find resource 'VM_global_library.vm'
2016-10-09 02:58:41,461 - Velocimacro :  VM library template macro registration complete.
2016-10-09 02:58:41,462 - Velocimacro : allowInline = true : VMs can be defined inline in templates
2016-10-09 02:58:41,462 - Velocimacro : allowInlineToOverride = false : VMs defined inline may NOT replace previous VM definitions
2016-10-09 02:58:41,462 - Velocimacro : allowInlineLocal = false : VMs defined inline will be  global in scope if allowed.
2016-10-09 02:58:41,462 - Velocimacro : messages on  : VM system will output logging messages
2016-10-09 02:58:41,462 - Velocimacro : autoload off  : VM system will not automatically reload global library macros
2016-10-09 02:58:41,462 - Velocimacro : initialization complete.
2016-10-09 02:58:41,462 - Velocity successfully started.
2016-10-09 03:04:06,824 - SimpleLog4JLogSystem initialized using logfile 'velocity.log'
2016-10-09 03:04:06,824 - ************************************************************** 
2016-10-09 03:04:06,824 - Starting Jakarta Velocity v1.4
2016-10-09 03:04:06,824 - RuntimeInstance initializing.
2016-10-09 03:04:06,824 - Default Properties File: org\apache\velocity\runtime\defaults\velocity.properties
2016-10-09 03:04:06,824 - Trying to use logger class org.apache.velocity.runtime.log.SimpleLog4JLogSystem
2016-10-09 03:04:06,824 - Using logger class org.apache.velocity.runtime.log.SimpleLog4JLogSystem
2016-10-09 03:04:06,826 - Default ResourceManager initializing. (class org.apache.velocity.runtime.resource.ResourceManagerImpl)
2016-10-09 03:04:06,828 - Resource Loader Instantiated: org.apache.velocity.runtime.resource.loader.ClasspathResourceLoader
2016-10-09 03:04:06,828 - ClasspathResourceLoader : initialization starting.
2016-10-09 03:04:06,828 - ClasspathResourceLoader : initialization complete.
2016-10-09 03:04:06,829 - ResourceCache : initialized. (class org.apache.velocity.runtime.resource.ResourceCacheImpl)
2016-10-09 03:04:06,829 - Default ResourceManager initialization complete.
2016-10-09 03:04:06,832 - Loaded System Directive: org.apache.velocity.runtime.directive.Literal
2016-10-09 03:04:06,833 - Loaded System Directive: org.apache.velocity.runtime.directive.Macro
2016-10-09 03:04:06,835 - Loaded System Directive: org.apache.velocity.runtime.directive.Parse
2016-10-09 03:04:06,836 - Loaded System Directive: org.apache.velocity.runtime.directive.Include
2016-10-09 03:04:06,837 - Loaded System Directive: org.apache.velocity.runtime.directive.Foreach
2016-10-09 03:04:06,863 - Created: 20 parsers.
2016-10-09 03:04:06,869 - Velocimacro : initialization starting.
2016-10-09 03:04:06,869 - Velocimacro : adding VMs from VM library template : VM_global_library.vm
2016-10-09 03:04:06,878 - ResourceManager : unable to find resource 'VM_global_library.vm' in any resource loader.
2016-10-09 03:04:06,878 - Velocimacro : error using  VM library template VM_global_library.vm : org.apache.velocity.exception.ResourceNotFoundException: Unable to find resource 'VM_global_library.vm'
2016-10-09 03:04:06,878 - Velocimacro :  VM library template macro registration complete.
2016-10-09 03:04:06,878 - Velocimacro : allowInline = true : VMs can be defined inline in templates
2016-10-09 03:04:06,878 - Velocimacro : allowInlineToOverride = false : VMs defined inline may NOT replace previous VM definitions
2016-10-09 03:04:06,879 - Velocimacro : allowInlineLocal = false : VMs defined inline will be  global in scope if allowed.
2016-10-09 03:04:06,879 - Velocimacro : messages on  : VM system will output logging messages
2016-10-09 03:04:06,879 - Velocimacro : autoload off  : VM system will not automatically reload global library macros
2016-10-09 03:04:06,879 - Velocimacro : initialization complete.
2016-10-09 03:04:06,879 - Velocity successfully started.
